[24/Nov/2023 11:55:01] INFO [etienda.models:37] Productos insertados: 20
[24/Nov/2023 11:55:05] INFO [etienda.models:37] Productos insertados: 20
[24/Nov/2023 11:56:00] INFO [etienda.api:105] Conexión a la base de datos exitosa
[24/Nov/2023 11:57:46] INFO [etienda.models:37] Productos insertados: 20
[24/Nov/2023 11:58:18] INFO [etienda.models:37] Productos insertados: 20
[24/Nov/2023 11:58:33] INFO [etienda.models:37] Productos insertados: 20
[24/Nov/2023 12:00:05] INFO [etienda.models:37] Productos insertados: 20
[24/Nov/2023 12:00:35] ERROR [django:119] "POST - Crea_producto /etienda/api/productos" ()
[24/Nov/2023 12:00:35] ERROR [django:119] "POST - Crea_producto /etienda/api/productos" ()
[24/Nov/2023 12:00:52] INFO [etienda.api:105] Conexión a la base de datos exitosa
[24/Nov/2023 12:00:58] ERROR [django:119] "POST - Crea_producto /etienda/api/productos" ()
[24/Nov/2023 12:00:58] ERROR [django:119] "POST - Crea_producto /etienda/api/productos" ()
[24/Nov/2023 12:01:02] ERROR [django:119] "POST - Crea_producto /etienda/api/productos" ()
[24/Nov/2023 12:01:02] ERROR [django:119] "POST - Crea_producto /etienda/api/productos" ()
[24/Nov/2023 12:01:38] ERROR [django:119] "POST - Crea_producto /etienda/api/productos" ()
[24/Nov/2023 12:01:38] ERROR [django:119] "POST - Crea_producto /etienda/api/productos" ()
[24/Nov/2023 12:02:16] INFO [etienda.models:37] Productos insertados: 20
[24/Nov/2023 12:02:25] INFO [etienda.models:37] Productos insertados: 20
[24/Nov/2023 12:02:47] INFO [etienda.api:250] Productos listados
[24/Nov/2023 12:03:06] INFO [etienda.api:250] Productos listados
[24/Nov/2023 12:03:15] INFO [etienda.api:250] Productos listados
[24/Nov/2023 12:06:05] INFO [etienda.api:250] Productos listados
[24/Nov/2023 12:20:03] INFO [etienda.models:64] Productos de una categoria obtenidos. Categoria: women's clothing
[24/Nov/2023 12:20:08] INFO [etienda.models:64] Productos de una categoria obtenidos. Categoria: women's clothing
[24/Nov/2023 12:21:37] INFO [etienda.models:64] Productos de una categoria obtenidos. Categoria: women's clothing
[24/Nov/2023 12:21:45] INFO [etienda.models:64] Productos de una categoria obtenidos. Categoria: women's clothing
[24/Nov/2023 12:21:48] INFO [etienda.models:64] Productos de una categoria obtenidos. Categoria: women's clothing
[24/Nov/2023 12:21:50] INFO [etienda.models:64] Productos de una categoria obtenidos. Categoria: men's clothing
